2026-04-29 01:49:18,918 [WARNING] [YARA] yara-python not installed. Run: pip install yara-python
2026-04-29 01:49:19,511 [WARNING] [YARA] yara-python not installed. Run: pip install yara-python
2026-05-02 23:54:37,200 [WARNING] [YARA] yara-python not installed. Run: pip install yara-python
2026-05-03 00:22:15,593 [WARNING] [YARA] yara-python not installed. Run: pip install yara-python
2026-05-03 00:22:15,593 [INFO] Starting VAXINX dashboard at http://127.0.0.1:5000
2026-05-03 00:27:30,940 [DEBUG] [SCAN] GREEN  score=  5 | echo test
2026-05-03 00:27:30,950 [DEBUG] [SCAN] GREEN  score= 20 | fake_adware_popup_ads.zip
2026-05-03 00:27:30,960 [DEBUG] [SCAN] YELLOW score= 57 | fake_backdoor_remote_shell.cmd
2026-05-03 00:27:30,973 [DEBUG] [SCAN] YELLOW score= 59 | fake_invoice_update.zip
2026-05-03 00:27:30,983 [DEBUG] [SCAN] YELLOW score= 57 | fake_payload.bat
2026-05-03 00:27:30,990 [DEBUG] [SCAN] GREEN  score= 24 | fake_ransom_encrypt_locked_payment.txt
2026-05-03 00:27:30,997 [DEBUG] [SCAN] GREEN  score= 24 | fake_ransom_encrypt_tool.txt
2026-05-03 00:27:31,006 [DEBUG] [SCAN] YELLOW score= 69 | fake_scareware_urgent_security-alert.bat
2026-05-03 00:27:31,023 [DEBUG] [SCAN] YELLOW score= 45 | fake_virus_infect_replicate.exe
2026-05-03 00:27:31,034 [DEBUG] [SCAN] YELLOW score= 57 | fake_worm_network_share_replicate.js
2026-05-03 00:27:31,041 [DEBUG] [SCAN] GREEN  score=  0 | green_normal_note.txt
2026-05-03 00:27:31,047 [DEBUG] [SCAN] GREEN  score=  0 | green_note.txt
2026-05-03 00:27:31,054 [DEBUG] [SCAN] YELLOW score= 39 | human_error_free_wifi_password.txt
2026-05-03 00:27:31,061 [DEBUG] [SCAN] GREEN  score= 27 | yellow_password_note.txt
2026-05-03 00:27:41,165 [DEBUG] [SCAN] GREEN  score=  5 | echo test
2026-05-03 00:27:41,166 [DEBUG] [SCAN] GREEN  score= 20 | fake_adware_popup_ads.zip
2026-05-03 00:27:41,168 [DEBUG] [SCAN] YELLOW score= 57 | fake_backdoor_remote_shell.cmd
2026-05-03 00:27:41,168 [DEBUG] [SCAN] YELLOW score= 59 | fake_invoice_update.zip
2026-05-03 00:27:41,169 [DEBUG] [SCAN] YELLOW score= 57 | fake_payload.bat
2026-05-03 00:27:41,170 [DEBUG] [SCAN] GREEN  score= 24 | fake_ransom_encrypt_locked_payment.txt
2026-05-03 00:27:41,171 [DEBUG] [SCAN] GREEN  score= 24 | fake_ransom_encrypt_tool.txt
2026-05-03 00:27:41,172 [DEBUG] [SCAN] YELLOW score= 69 | fake_scareware_urgent_security-alert.bat
2026-05-03 00:27:41,172 [DEBUG] [SCAN] YELLOW score= 45 | fake_virus_infect_replicate.exe
2026-05-03 00:27:41,173 [DEBUG] [SCAN] YELLOW score= 57 | fake_worm_network_share_replicate.js
2026-05-03 00:27:41,174 [DEBUG] [SCAN] GREEN  score=  0 | green_normal_note.txt
2026-05-03 00:27:41,174 [DEBUG] [SCAN] GREEN  score=  0 | green_note.txt
2026-05-03 00:27:41,175 [DEBUG] [SCAN] YELLOW score= 39 | human_error_free_wifi_password.txt
2026-05-03 00:27:41,176 [DEBUG] [SCAN] GREEN  score= 27 | yellow_password_note.txt
2026-05-03 00:42:05,896 [DEBUG] [SCAN] GREEN  score=  5 | echo test
2026-05-03 00:42:05,915 [DEBUG] [SCAN] GREEN  score= 20 | fake_adware_popup_ads.zip
2026-05-03 00:42:05,924 [DEBUG] [SCAN] YELLOW score= 57 | fake_backdoor_remote_shell.cmd
2026-05-03 00:42:05,932 [DEBUG] [SCAN] YELLOW score= 59 | fake_invoice_update.zip
2026-05-03 00:42:05,941 [DEBUG] [SCAN] YELLOW score= 57 | fake_payload.bat
2026-05-03 00:42:05,949 [DEBUG] [SCAN] GREEN  score= 24 | fake_ransom_encrypt_locked_payment.txt
2026-05-03 00:42:05,955 [DEBUG] [SCAN] GREEN  score= 24 | fake_ransom_encrypt_tool.txt
2026-05-03 00:42:05,962 [DEBUG] [SCAN] YELLOW score= 69 | fake_scareware_urgent_security-alert.bat
2026-05-03 00:42:05,970 [DEBUG] [SCAN] YELLOW score= 45 | fake_virus_infect_replicate.exe
2026-05-03 00:42:05,978 [DEBUG] [SCAN] YELLOW score= 57 | fake_worm_network_share_replicate.js
2026-05-03 00:42:05,984 [DEBUG] [SCAN] GREEN  score=  0 | green_normal_note.txt
2026-05-03 00:42:05,990 [DEBUG] [SCAN] GREEN  score=  0 | green_note.txt
2026-05-03 00:42:05,997 [DEBUG] [SCAN] YELLOW score= 39 | human_error_free_wifi_password.txt
2026-05-03 00:42:06,002 [DEBUG] [SCAN] GREEN  score= 27 | yellow_password_note.txt
2026-05-03 00:42:58,133 [DEBUG] [SCAN] GREEN  score=  5 | echo test
2026-05-03 00:42:58,135 [DEBUG] [SCAN] GREEN  score= 20 | fake_adware_popup_ads.zip
2026-05-03 00:42:58,136 [DEBUG] [SCAN] YELLOW score= 57 | fake_backdoor_remote_shell.cmd
2026-05-03 00:42:58,136 [DEBUG] [SCAN] YELLOW score= 59 | fake_invoice_update.zip
2026-05-03 00:42:58,137 [DEBUG] [SCAN] YELLOW score= 57 | fake_payload.bat
2026-05-03 00:42:58,138 [DEBUG] [SCAN] GREEN  score= 24 | fake_ransom_encrypt_locked_payment.txt
2026-05-03 00:42:58,139 [DEBUG] [SCAN] GREEN  score= 24 | fake_ransom_encrypt_tool.txt
2026-05-03 00:42:58,140 [DEBUG] [SCAN] YELLOW score= 69 | fake_scareware_urgent_security-alert.bat
2026-05-03 00:42:58,141 [DEBUG] [SCAN] YELLOW score= 45 | fake_virus_infect_replicate.exe
2026-05-03 00:42:58,142 [DEBUG] [SCAN] YELLOW score= 57 | fake_worm_network_share_replicate.js
2026-05-03 00:42:58,143 [DEBUG] [SCAN] GREEN  score=  0 | green_normal_note.txt
2026-05-03 00:42:58,143 [DEBUG] [SCAN] GREEN  score=  0 | green_note.txt
2026-05-03 00:42:58,144 [DEBUG] [SCAN] YELLOW score= 39 | human_error_free_wifi_password.txt
2026-05-03 00:42:58,144 [DEBUG] [SCAN] GREEN  score= 27 | yellow_password_note.txt
2026-05-03 01:11:44,674 [DEBUG] [SCAN] GREEN  score=  5 | echo test
2026-05-03 01:11:44,675 [DEBUG] [SCAN] GREEN  score= 20 | fake_adware_popup_ads.zip
2026-05-03 01:11:44,676 [DEBUG] [SCAN] YELLOW score= 57 | fake_backdoor_remote_shell.cmd
2026-05-03 01:11:44,677 [DEBUG] [SCAN] YELLOW score= 59 | fake_invoice_update.zip
2026-05-03 01:11:44,678 [DEBUG] [SCAN] YELLOW score= 57 | fake_payload.bat
2026-05-03 01:11:44,678 [DEBUG] [SCAN] GREEN  score= 24 | fake_ransom_encrypt_locked_payment.txt
2026-05-03 01:11:44,679 [DEBUG] [SCAN] GREEN  score= 24 | fake_ransom_encrypt_tool.txt
2026-05-03 01:11:44,679 [DEBUG] [SCAN] YELLOW score= 69 | fake_scareware_urgent_security-alert.bat
2026-05-03 01:11:44,680 [DEBUG] [SCAN] YELLOW score= 45 | fake_virus_infect_replicate.exe
2026-05-03 01:11:44,681 [DEBUG] [SCAN] YELLOW score= 57 | fake_worm_network_share_replicate.js
2026-05-03 01:11:44,681 [DEBUG] [SCAN] GREEN  score=  0 | green_normal_note.txt
2026-05-03 01:11:44,682 [DEBUG] [SCAN] GREEN  score=  0 | green_note.txt
2026-05-03 01:11:44,682 [DEBUG] [SCAN] YELLOW score= 39 | human_error_free_wifi_password.txt
2026-05-03 01:11:44,683 [DEBUG] [SCAN] GREEN  score= 27 | yellow_password_note.txt
